 
****************************************
Report : clock_gating
Design : hist_eq_core
Version: V-2023.12-SP5-5
Date   : Fri Oct 31 23:46:33 2025
****************************************

Information: Identification of clock-gating cells has not been performed. Pre-existing clock-gating cells will not be reported. (PWR-947)


                             Clock Gating Summary
          ------------------------------------------------------------
          |    Number of Clock gating elements    |      773         |
          |                                       |                  |
          |    Number of Gated registers          | 10459 (99.95%)   |
          |                                       |                  |
          |    Number of Ungated registers        |     5 (0.05%)    |
          |                                       |                  |
          |    Total number of registers          |    10464         |
          ------------------------------------------------------------



                             Clock Gating Report by Origin
          +-------------------------------------------------+------------------+
          |                                                 |    Actual (%)    |
          |                                                 |    Count         |
          +-------------------------------------------------+------------------+
          |  Number of tool-inserted clock gating elements  |   773 (100.00%)  |
          |                                                 |                  |
          |  Number of pre-existing clock gating elements   |     0 (0.00%)    |
          |                                                 |                  |
          |  Number of gated registers                      | 10459 (99.95%)   |
          |                                                 |                  |
          |  Number of tool-inserted gated registers        | 10459 (99.95%)   |
          |                                                 |                  |
          |  Number of pre-existing gated registers         |     0 (0.00%)    |
          |                                                 |                  |
          |  Number of ungated registers                    |     5 (0.05%)    |
          |                                                 |                  |
          |  Number of registers                            |    10464         |
          +-------------------------------------------------+------------------+



1
