 
****************************************
Report : resources
Design : hist_eq_core
Version: V-2023.12-SP5-5
Date   : Fri Oct 31 23:46:33 2025
****************************************


Resource Report for this hierarchy in file
        /home/hufsemi_student1/class/2025_2/ASIC_Design/202100263/DC/1_Input/RTL/hist_eq_core.v
=============================================================================
| Cell           | Module         | Parameters | Contained Operations       |
=============================================================================
| add_x_5        | DW01_inc       | width=16   | add_109 (hist_eq_core.v:109) |
| ne_x_7         | DW_cmp         | width=16   | ne_129 (hist_eq_core.v:129) |
| sub_x_9        | DW01_sub       | width=18   | sub_143_2 (hist_eq_core.v:143) |
| div_10         | DW_div_uns     | a_width=32 | div_143 (hist_eq_core.v:143) |
               |                | b_width=32 |                            |
| add_x_11       | DW01_inc       | width=3    | add_179 (hist_eq_core.v:179) |
| add_x_6        | DW01_add       | width=16   | add_126 (hist_eq_core.v:126) |
               |                |            | add_127 (hist_eq_core.v:127) |
               |                |            | add_129 (hist_eq_core.v:129) |
               |                |            | add_130 (hist_eq_core.v:130) |
| add_x_8        | DW01_inc       | width=9    | add_138 (hist_eq_core.v:138) |
               |                |            | add_155 (hist_eq_core.v:155) |
| DP_OP_65J2_122_3340             |            |                            |
|                | DP_OP_65J2_122_3340 |       |                            |
=============================================================================

Datapath Report for DP_OP_65J2_122_3340
==============================================================================
| Cell                 | Contained Operations                                |
==============================================================================
| DP_OP_65J2_122_3340  | sub_143 (hist_eq_core.v:143)                        |
|                      | mult_143 (hist_eq_core.v:143)                       |
==============================================================================

==============================================================================
|       |      | Data     |       |                                          |
| Var   | Type | Class    | Width | Expression                               |
==============================================================================
| I1    | PI   | Unsigned | 16    |                                          |
| I2    | PI   | Unsigned | 16    |                                          |
| T9    | IFO  | Signed   | 17    | I1 - I2 (hist_eq_core.v:143)             |
| O1    | PO   | Signed   | 32    | T9 * $unsigned(8'b11111111) (hist_eq_core.v:143) |
==============================================================================


Resource Report for Ungrouped Hierarchy div_10
=============================================================================
| Cell           | Module         | Parameters | Contained Operations       |
=============================================================================
=============================================================================


Implementation Report
===============================================================================
|                    |                  | Current            | Set            |
| Cell               | Module           | Implementation     | Implementation |
===============================================================================
| add_x_5            | DW01_inc         | apparch (area)     |                |
| ne_x_7             | DW_cmp           | apparch (area)     |                |
| sub_x_9            | DW01_sub         | apparch (area)     |                |
| div_10             | DW_div_uns       | cla3               |                |
| add_x_11           | DW01_inc         | apparch (area)     |                |
| add_x_6            | DW01_add         | apparch (area)     |                |
| add_x_8            | DW01_inc         | apparch (area)     |                |
| DP_OP_65J2_122_3340                   |                    |                |
|                    | DP_OP_65J2_122_3340 | str (area,speed)                 |
===============================================================================

1
