 
****************************************
Report : area
Design : hist_eq_core
Version: V-2023.12-SP5-5
Date   : Fri Oct 31 23:46:33 2025
****************************************

Library(s) Used:

    saed32rvt_ss0p95v125c (File: /home/hufsemi_instructor/class/Synopsys_Labs_Lectures/Labs_and_PDK_DK/DK/SAED32_EDK/lib/stdcell_rvt/db_nldm/saed32rvt_ss0p95v125c.db)

Number of ports:                         3116
Number of nets:                         35263
Number of cells:                        31814
Number of combinational cells:          19800
Number of sequential cells:             11237
Number of macros/black boxes:               0
Number of buf/inv:                       2479
Number of references:                     841

Combinational area:              48331.835298
Buf/Inv area:                     4076.469819
Noncombinational area:           78995.835046
Macro/Black Box area:                0.000000
Net Interconnect area:           72378.255977

Total cell area:                127327.670344
Total area:                     199705.926321
1
